0 info it worked if it ends with ok
1 verbose cli [ '/usr/local/Cellar/node/6.9.1/bin/node',
1 verbose cli   '/Users/Vasiliy/.npm-packages/bin/npm',
1 verbose cli   'start' ]
2 info using npm@4.0.0
3 info using node@v6.9.1
4 verbose run-script [ 'prestart', 'start', 'poststart' ]
5 info lifecycle angular-quickstart@1.0.0~prestart: angular-quickstart@1.0.0
6 warn lifecycle The node binary used for scripts is /usr/local/bin/node but npm is using /usr/local/Cellar/node/6.9.1/bin/node itself. Use the `--scripts-prepend-node-path` option to include the path for the node binary npm was executed with.
7 silly lifecycle angular-quickstart@1.0.0~prestart: no script for prestart, continuing
8 info lifecycle angular-quickstart@1.0.0~start: angular-quickstart@1.0.0
9 verbose lifecycle angular-quickstart@1.0.0~start: unsafe-perm in lifecycle true
10 verbose lifecycle angular-quickstart@1.0.0~start: PATH: /Users/Vasiliy/.npm-packages/lib/node_modules/npm/bin/node-gyp-bin:/Volumes/Новый/Projects/HelperFront/node_modules/.bin:/Users/Vasiliy/.npm-packages/bin:/Library/Frameworks/Python.framework/Versions/3.4/bin:/usr/local/bin:/usr/bin:/bin:/usr/sbin:/sbin:/usr/local/mysql/bin
11 verbose lifecycle angular-quickstart@1.0.0~start: CWD: /Volumes/Новый/Projects/HelperFront
12 silly lifecycle angular-quickstart@1.0.0~start: Args: [ '-c', 'tsc && concurrently "tsc -w" "lite-server" ' ]
13 silly lifecycle angular-quickstart@1.0.0~start: Returned: code: 2  signal: null
14 info lifecycle angular-quickstart@1.0.0~start: Failed to exec start script
15 verbose stack Error: angular-quickstart@1.0.0 start: `tsc && concurrently "tsc -w" "lite-server" `
15 verbose stack Exit status 2
15 verbose stack     at EventEmitter.<anonymous> (/Users/Vasiliy/.npm-packages/lib/node_modules/npm/lib/utils/lifecycle.js:277:16)
15 verbose stack     at emitTwo (events.js:106:13)
15 verbose stack     at EventEmitter.emit (events.js:191:7)
15 verbose stack     at ChildProcess.<anonymous> (/Users/Vasiliy/.npm-packages/lib/node_modules/npm/lib/utils/spawn.js:40:14)
15 verbose stack     at emitTwo (events.js:106:13)
15 verbose stack     at ChildProcess.emit (events.js:191:7)
15 verbose stack     at maybeClose (internal/child_process.js:877:16)
15 verbose stack     at Process.ChildProcess._handle.onexit (internal/child_process.js:226:5)
16 verbose pkgid angular-quickstart@1.0.0
17 verbose cwd /Volumes/Новый/Projects/HelperFront
18 error Darwin 14.5.0
19 error argv "/usr/local/Cellar/node/6.9.1/bin/node" "/Users/Vasiliy/.npm-packages/bin/npm" "start"
20 error node v6.9.1
21 error npm  v4.0.0
22 error code ELIFECYCLE
23 error angular-quickstart@1.0.0 start: `tsc && concurrently "tsc -w" "lite-server" `
23 error Exit status 2
24 error Failed at the angular-quickstart@1.0.0 start script 'tsc && concurrently "tsc -w" "lite-server" '.
24 error Make sure you have the latest version of node.js and npm installed.
24 error If you do, this is most likely a problem with the angular-quickstart package,
24 error not with npm itself.
24 error Tell the author that this fails on your system:
24 error     tsc && concurrently "tsc -w" "lite-server"
24 error You can get information on how to open an issue for this project with:
24 error     npm bugs angular-quickstart
24 error Or if that isn't available, you can get their info via:
24 error     npm owner ls angular-quickstart
24 error There is likely additional logging output above.
25 verbose exit [ 1, true ]
